npm warn Unknown env config "http-proxy". This will stop working in the next major version of npm.

> roamalto@0.1.0 test
> node --test --loader ./test/ts-loader.mjs src/lib/__tests__/*.test.ts

TAP version 13
# node:internal/modules/run_main:123
#     triggerUncaughtException(
#     ^
# Error [ERR_MODULE_NOT_FOUND]: Cannot find package 'typescript' imported from /workspace/Roamalto/test/ts-loader.mjs
#     at packageResolve (node:internal/modules/esm/resolve:873:9)
#     at moduleResolve (node:internal/modules/esm/resolve:946:18)
#     at defaultResolve (node:internal/modules/esm/resolve:1188:11)
#     at nextResolve (node:internal/modules/esm/hooks:864:28)
#     at Hooks.resolve (node:internal/modules/esm/hooks:306:30)
#     at ModuleLoader.resolve (node:internal/modules/esm/loader:638:35)
#     at ModuleLoader.getModuleJobForImport (node:internal/modules/esm/loader:264:38)
#     at ModuleJob._link (node:internal/modules/esm/module_job:168:49) {
#   code: 'ERR_MODULE_NOT_FOUND'
# }
# Node.js v20.19.5
# Subtest: /workspace/Roamalto/src/lib/__tests__/api-validators.test.ts
not ok 1 - /workspace/Roamalto/src/lib/__tests__/api-validators.test.ts
  ---
  duration_ms: 375.187128
  location: '/workspace/Roamalto/src/lib/__tests__/api-validators.test.ts:1:1'
  failureType: 'testCodeFailure'
  exitCode: 1
  signal: ~
  error: 'test failed'
  code: 'ERR_TEST_FAILURE'
  ...
# node:internal/modules/run_main:123
#     triggerUncaughtException(
#     ^
# Error [ERR_MODULE_NOT_FOUND]: Cannot find package 'typescript' imported from /workspace/Roamalto/test/ts-loader.mjs
#     at packageResolve (node:internal/modules/esm/resolve:873:9)
#     at moduleResolve (node:internal/modules/esm/resolve:946:18)
#     at defaultResolve (node:internal/modules/esm/resolve:1188:11)
#     at nextResolve (node:internal/modules/esm/hooks:864:28)
#     at Hooks.resolve (node:internal/modules/esm/hooks:306:30)
#     at ModuleLoader.resolve (node:internal/modules/esm/loader:638:35)
#     at ModuleLoader.getModuleJobForImport (node:internal/modules/esm/loader:264:38)
#     at ModuleJob._link (node:internal/modules/esm/module_job:168:49) {
#   code: 'ERR_MODULE_NOT_FOUND'
# }
# Node.js v20.19.5
# Subtest: /workspace/Roamalto/src/lib/__tests__/whatsapp.test.ts
not ok 2 - /workspace/Roamalto/src/lib/__tests__/whatsapp.test.ts
  ---
  duration_ms: 363.785746
  location: '/workspace/Roamalto/src/lib/__tests__/whatsapp.test.ts:1:1'
  failureType: 'testCodeFailure'
  exitCode: 1
  signal: ~
  error: 'test failed'
  code: 'ERR_TEST_FAILURE'
  ...
1..2
# tests 2
# suites 0
# pass 0
# fail 2
# cancelled 0
# skipped 0
# todo 0
# duration_ms 393.208235
